  [1m[35m (0.1ms)[0m  [1m[34mSELECT sqlite_version(*)[0m
  ↳ /usr/bin/rake:23
  [1m[35m (2.9ms)[0m  [1m[35mCREATE TABLE "schema_migrations" ("version" varchar NOT NULL PRIMARY KEY)[0m
  ↳ /usr/bin/rake:23
  [1m[35m (2.4ms)[0m  [1m[35mCREATE TABLE "ar_internal_metadata" ("key" varchar NOT NULL PRIMARY KEY, "value" varchar, "created_at" datetime NOT NULL, "updated_at" datetime NOT NULL)[0m
  ↳ /usr/bin/rake:23
  [1m[36mActiveRecord::InternalMetadata Load (0.1ms)[0m  [1m[34mSELECT  "ar_internal_metadata".* FROM "ar_internal_metadata" WHERE "ar_internal_metadata"."key" = ? LIMIT ?[0m  [["key", "environment"], ["LIMIT", 1]]
  ↳ /usr/bin/rake:23
  [1m[35m (0.0ms)[0m  [1m[36mbegin transaction[0m
  ↳ /usr/bin/rake:23
  [1m[36mActiveRecord::InternalMetadata Create (0.2ms)[0m  [1m[32mINSERT INTO "ar_internal_metadata" ("key", "value", "created_at", "updated_at") VALUES (?, ?, ?, ?)[0m  [["key", "environment"], ["value", "development"], ["created_at", "2022-12-08 23:56:20.771276"], ["updated_at", "2022-12-08 23:56:20.771276"]]
  ↳ /usr/bin/rake:23
  [1m[35m (1.5ms)[0m  [1m[36mcommit transaction[0m
  ↳ /usr/bin/rake:23
  [1m[35m (0.1ms)[0m  [1m[34mSELECT "schema_migrations"."version" FROM "schema_migrations" ORDER BY "schema_migrations"."version" ASC[0m
  ↳ /usr/bin/rake:23
Started GET "/" for 127.0.0.1 at 2022-12-08 15:58:37 -0800
Processing by Rails::WelcomeController#index as HTML
  Rendering /var/lib/gems/2.7.0/gems/railties-5.2.8.1/lib/rails/templates/rails/welcome/index.html.erb
  Rendered /var/lib/gems/2.7.0/gems/railties-5.2.8.1/lib/rails/templates/rails/welcome/index.html.erb (1.9ms)
Completed 200 OK in 8ms (Views: 4.6ms | ActiveRecord: 0.0ms)


Started GET "/" for 127.0.0.1 at 2022-12-08 17:48:49 -0800
Processing by Rails::WelcomeController#index as HTML
  Rendering /var/lib/gems/2.7.0/gems/railties-5.2.8.1/lib/rails/templates/rails/welcome/index.html.erb
  Rendered /var/lib/gems/2.7.0/gems/railties-5.2.8.1/lib/rails/templates/rails/welcome/index.html.erb (1.7ms)
Completed 200 OK in 6ms (Views: 3.0ms | ActiveRecord: 0.0ms)


  [1m[35m (0.1ms)[0m  [1m[34mSELECT "schema_migrations"."version" FROM "schema_migrations" ORDER BY "schema_migrations"."version" ASC[0m
  ↳ /usr/local/bin/rake:23
Migrating to CreateBooks (20221209043639)
  [1m[35m (0.1ms)[0m  [1m[36mbegin transaction[0m
  ↳ /usr/local/bin/rake:23
  [1m[35m (0.0ms)[0m  [1m[31mrollback transaction[0m
  ↳ /usr/local/bin/rake:23
Started GET "/" for 127.0.0.1 at 2022-12-08 20:37:34 -0800
  [1m[35m (0.1ms)[0m  [1m[34mSELECT "schema_migrations"."version" FROM "schema_migrations" ORDER BY "schema_migrations"."version" ASC[0m
  ↳ /var/lib/gems/2.7.0/gems/activerecord-5.2.8.1/lib/active_record/log_subscriber.rb:98
  
ActiveRecord::PendingMigrationError (

Migrations are pending. To resolve this issue, run:

        bin/rails db:migrate RAILS_ENV=development

):
  
activerecord (5.2.8.1) lib/active_record/migration.rb:579:in `check_pending!'
activerecord (5.2.8.1) lib/active_record/migration.rb:556:in `call'
actionpack (5.2.8.1) lib/action_dispatch/middleware/callbacks.rb:28:in `block in call'
activesupport (5.2.8.1) lib/active_support/callbacks.rb:98:in `run_callbacks'
actionpack (5.2.8.1) lib/action_dispatch/middleware/callbacks.rb:26:in `call'
actionpack (5.2.8.1) lib/action_dispatch/middleware/executor.rb:14:in `call'
actionpack (5.2.8.1) lib/action_dispatch/middleware/debug_exceptions.rb:61:in `call'
web-console (3.7.0) lib/web_console/middleware.rb:135:in `call_app'
web-console (3.7.0) lib/web_console/middleware.rb:30:in `block in call'
web-console (3.7.0) lib/web_console/middleware.rb:20:in `catch'
web-console (3.7.0) lib/web_console/middleware.rb:20:in `call'
actionpack (5.2.8.1) lib/action_dispatch/middleware/show_exceptions.rb:33:in `call'
railties (5.2.8.1) lib/rails/rack/logger.rb:38:in `call_app'
railties (5.2.8.1) lib/rails/rack/logger.rb:26:in `block in call'
activesupport (5.2.8.1) lib/active_support/tagged_logging.rb:71:in `block in tagged'
activesupport (5.2.8.1) lib/active_support/tagged_logging.rb:28:in `tagged'
activesupport (5.2.8.1) lib/active_support/tagged_logging.rb:71:in `tagged'
railties (5.2.8.1) lib/rails/rack/logger.rb:26:in `call'
sprockets-rails (3.4.2) lib/sprockets/rails/quiet_assets.rb:13:in `call'
actionpack (5.2.8.1) lib/action_dispatch/middleware/remote_ip.rb:81:in `call'
actionpack (5.2.8.1) lib/action_dispatch/middleware/request_id.rb:27:in `call'
rack (2.2.4) lib/rack/method_override.rb:24:in `call'
rack (2.2.4) lib/rack/runtime.rb:22:in `call'
activesupport (5.2.8.1) lib/active_support/cache/strategy/local_cache_middleware.rb:29:in `call'
actionpack (5.2.8.1) lib/action_dispatch/middleware/executor.rb:14:in `call'
actionpack (5.2.8.1) lib/action_dispatch/middleware/static.rb:127:in `call'
rack (2.2.4) lib/rack/sendfile.rb:110:in `call'
railties (5.2.8.1) lib/rails/engine.rb:524:in `call'
puma (3.12.6) lib/puma/configuration.rb:227:in `call'
puma (3.12.6) lib/puma/server.rb:706:in `handle_request'
puma (3.12.6) lib/puma/server.rb:476:in `process_client'
puma (3.12.6) lib/puma/server.rb:334:in `block in run'
puma (3.12.6) lib/puma/thread_pool.rb:135:in `block in spawn_thread'
  [1m[35m (0.1ms)[0m  [1m[34mSELECT "schema_migrations"."version" FROM "schema_migrations" ORDER BY "schema_migrations"."version" ASC[0m
  ↳ bin/rails:4
Migrating to CreateBooks (20221209043639)
  [1m[35m (0.0ms)[0m  [1m[36mbegin transaction[0m
  ↳ bin/rails:4
  [1m[35m (0.0ms)[0m  [1m[31mrollback transaction[0m
  ↳ bin/rails:4
  [1m[35m (0.1ms)[0m  [1m[34mSELECT "schema_migrations"."version" FROM "schema_migrations" ORDER BY "schema_migrations"."version" ASC[0m
  ↳ bin/rails:4
Migrating to CreateBooks (20221209043639)
  [1m[35m (0.0ms)[0m  [1m[36mbegin transaction[0m
  ↳ bin/rails:4
  [1m[35m (0.0ms)[0m  [1m[31mrollback transaction[0m
  ↳ bin/rails:4
Started GET "/" for 127.0.0.1 at 2022-12-08 20:38:20 -0800
  [1m[35m (0.2ms)[0m  [1m[34mSELECT "schema_migrations"."version" FROM "schema_migrations" ORDER BY "schema_migrations"."version" ASC[0m
  ↳ /var/lib/gems/2.7.0/gems/activerecord-5.2.8.1/lib/active_record/log_subscriber.rb:98
  
ActiveRecord::PendingMigrationError (

Migrations are pending. To resolve this issue, run:

        bin/rails db:migrate RAILS_ENV=development

):
  
activerecord (5.2.8.1) lib/active_record/migration.rb:579:in `check_pending!'
activerecord (5.2.8.1) lib/active_record/migration.rb:556:in `call'
actionpack (5.2.8.1) lib/action_dispatch/middleware/callbacks.rb:28:in `block in call'
activesupport (5.2.8.1) lib/active_support/callbacks.rb:98:in `run_callbacks'
actionpack (5.2.8.1) lib/action_dispatch/middleware/callbacks.rb:26:in `call'
actionpack (5.2.8.1) lib/action_dispatch/middleware/executor.rb:14:in `call'
actionpack (5.2.8.1) lib/action_dispatch/middleware/debug_exceptions.rb:61:in `call'
web-console (3.7.0) lib/web_console/middleware.rb:135:in `call_app'
web-console (3.7.0) lib/web_console/middleware.rb:30:in `block in call'
web-console (3.7.0) lib/web_console/middleware.rb:20:in `catch'
web-console (3.7.0) lib/web_console/middleware.rb:20:in `call'
actionpack (5.2.8.1) lib/action_dispatch/middleware/show_exceptions.rb:33:in `call'
railties (5.2.8.1) lib/rails/rack/logger.rb:38:in `call_app'
railties (5.2.8.1) lib/rails/rack/logger.rb:26:in `block in call'
activesupport (5.2.8.1) lib/active_support/tagged_logging.rb:71:in `block in tagged'
activesupport (5.2.8.1) lib/active_support/tagged_logging.rb:28:in `tagged'
activesupport (5.2.8.1) lib/active_support/tagged_logging.rb:71:in `tagged'
railties (5.2.8.1) lib/rails/rack/logger.rb:26:in `call'
sprockets-rails (3.4.2) lib/sprockets/rails/quiet_assets.rb:13:in `call'
actionpack (5.2.8.1) lib/action_dispatch/middleware/remote_ip.rb:81:in `call'
actionpack (5.2.8.1) lib/action_dispatch/middleware/request_id.rb:27:in `call'
rack (2.2.4) lib/rack/method_override.rb:24:in `call'
rack (2.2.4) lib/rack/runtime.rb:22:in `call'
activesupport (5.2.8.1) lib/active_support/cache/strategy/local_cache_middleware.rb:29:in `call'
actionpack (5.2.8.1) lib/action_dispatch/middleware/executor.rb:14:in `call'
actionpack (5.2.8.1) lib/action_dispatch/middleware/static.rb:127:in `call'
rack (2.2.4) lib/rack/sendfile.rb:110:in `call'
railties (5.2.8.1) lib/rails/engine.rb:524:in `call'
puma (3.12.6) lib/puma/configuration.rb:227:in `call'
puma (3.12.6) lib/puma/server.rb:706:in `handle_request'
puma (3.12.6) lib/puma/server.rb:476:in `process_client'
puma (3.12.6) lib/puma/server.rb:334:in `block in run'
puma (3.12.6) lib/puma/thread_pool.rb:135:in `block in spawn_thread'
  [1m[35m (0.1ms)[0m  [1m[34mSELECT "schema_migrations"."version" FROM "schema_migrations" ORDER BY "schema_migrations"."version" ASC[0m
  ↳ bin/rails:4
Migrating to CreateBooks (20221209043639)
  [1m[35m (0.0ms)[0m  [1m[36mbegin transaction[0m
  ↳ bin/rails:4
  [1m[35m (0.0ms)[0m  [1m[31mrollback transaction[0m
  ↳ bin/rails:4
  [1m[35m (0.1ms)[0m  [1m[34mSELECT "schema_migrations"."version" FROM "schema_migrations" ORDER BY "schema_migrations"."version" ASC[0m
  ↳ /usr/local/bin/rake:23
Migrating to CreateBooks (20221209044038)
  [1m[35m (0.0ms)[0m  [1m[36mbegin transaction[0m
  ↳ /usr/local/bin/rake:23
  [1m[35m (0.1ms)[0m  [1m[34mSELECT sqlite_version(*)[0m
  ↳ db/migrate/20221209044038_create_books.rb:3
  [1m[35m (0.2ms)[0m  [1m[35mCREATE TABLE "books" ("id" integer PRIMARY KEY AUTOINCREMENT NOT NULL, "title" varchar, "author" varchar, "description" text, "numChapters" integer, "status" varchar, "created_at" datetime NOT NULL, "updated_at" datetime NOT NULL)[0m
  ↳ db/migrate/20221209044038_create_books.rb:3
  [1m[36mActiveRecord::SchemaMigration Create (0.1ms)[0m  [1m[32mINSERT INTO "schema_migrations" ("version") VALUES (?)[0m  [["version", "20221209044038"]]
  ↳ /usr/local/bin/rake:23
  [1m[35m (7.8ms)[0m  [1m[36mcommit transaction[0m
  ↳ /usr/local/bin/rake:23
  [1m[36mActiveRecord::InternalMetadata Load (0.1ms)[0m  [1m[34mSELECT  "ar_internal_metadata".* FROM "ar_internal_metadata" WHERE "ar_internal_metadata"."key" = ? LIMIT ?[0m  [["key", "environment"], ["LIMIT", 1]]
  ↳ /usr/local/bin/rake:23
  [1m[35m (0.0ms)[0m  [1m[36mbegin transaction[0m
  ↳ /usr/local/bin/rake:23
  [1m[35m (0.0ms)[0m  [1m[36mcommit transaction[0m
  ↳ /usr/local/bin/rake:23
  [1m[35m (0.1ms)[0m  [1m[34mSELECT "schema_migrations"."version" FROM "schema_migrations" ORDER BY "schema_migrations"."version" ASC[0m
  ↳ /usr/local/bin/rake:23
Started GET "/Books" for 127.0.0.1 at 2022-12-08 20:41:20 -0800
  [1m[35m (0.3ms)[0m  [1m[34mSELECT "schema_migrations"."version" FROM "schema_migrations" ORDER BY "schema_migrations"."version" ASC[0m
  ↳ /var/lib/gems/2.7.0/gems/activerecord-5.2.8.1/lib/active_record/log_subscriber.rb:98
  
ActionController::RoutingError (No route matches [GET] "/Books"):
  
actionpack (5.2.8.1) lib/action_dispatch/middleware/debug_exceptions.rb:65:in `call'
web-console (3.7.0) lib/web_console/middleware.rb:135:in `call_app'
web-console (3.7.0) lib/web_console/middleware.rb:30:in `block in call'
web-console (3.7.0) lib/web_console/middleware.rb:20:in `catch'
web-console (3.7.0) lib/web_console/middleware.rb:20:in `call'
actionpack (5.2.8.1) lib/action_dispatch/middleware/show_exceptions.rb:33:in `call'
railties (5.2.8.1) lib/rails/rack/logger.rb:38:in `call_app'
railties (5.2.8.1) lib/rails/rack/logger.rb:26:in `block in call'
activesupport (5.2.8.1) lib/active_support/tagged_logging.rb:71:in `block in tagged'
activesupport (5.2.8.1) lib/active_support/tagged_logging.rb:28:in `tagged'
activesupport (5.2.8.1) lib/active_support/tagged_logging.rb:71:in `tagged'
railties (5.2.8.1) lib/rails/rack/logger.rb:26:in `call'
sprockets-rails (3.4.2) lib/sprockets/rails/quiet_assets.rb:13:in `call'
actionpack (5.2.8.1) lib/action_dispatch/middleware/remote_ip.rb:81:in `call'
actionpack (5.2.8.1) lib/action_dispatch/middleware/request_id.rb:27:in `call'
rack (2.2.4) lib/rack/method_override.rb:24:in `call'
rack (2.2.4) lib/rack/runtime.rb:22:in `call'
activesupport (5.2.8.1) lib/active_support/cache/strategy/local_cache_middleware.rb:29:in `call'
actionpack (5.2.8.1) lib/action_dispatch/middleware/executor.rb:14:in `call'
actionpack (5.2.8.1) lib/action_dispatch/middleware/static.rb:127:in `call'
rack (2.2.4) lib/rack/sendfile.rb:110:in `call'
railties (5.2.8.1) lib/rails/engine.rb:524:in `call'
puma (3.12.6) lib/puma/configuration.rb:227:in `call'
puma (3.12.6) lib/puma/server.rb:706:in `handle_request'
puma (3.12.6) lib/puma/server.rb:476:in `process_client'
puma (3.12.6) lib/puma/server.rb:334:in `block in run'
puma (3.12.6) lib/puma/thread_pool.rb:135:in `block in spawn_thread'
Started GET "/books" for 127.0.0.1 at 2022-12-08 20:41:29 -0800
Processing by BooksController#index as HTML
  Rendering books/index.html.erb within layouts/application
  [1m[36mBook Load (0.3ms)[0m  [1m[34mSELECT "books".* FROM "books"[0m
  ↳ app/views/books/index.html.erb:18
  Rendered books/index.html.erb within layouts/application (4.2ms)
Completed 200 OK in 504ms (Views: 499.1ms | ActiveRecord: 0.7ms)


  [1m[35m (0.1ms)[0m  [1m[36mbegin transaction[0m
  [1m[36mBook Create (0.3ms)[0m  [1m[32mINSERT INTO "books" ("title", "description", "created_at", "updated_at") VALUES (?, ?, ?, ?)[0m  [["title", "book 0"], ["description", "book description"], ["created_at", "2022-12-09 05:49:56.152938"], ["updated_at", "2022-12-09 05:49:56.152938"]]
  [1m[35m (7.4ms)[0m  [1m[36mcommit transaction[0m
  [1m[35m (0.1ms)[0m  [1m[36mbegin transaction[0m
  [1m[36mBook Create (0.3ms)[0m  [1m[32mINSERT INTO "books" ("title", "description", "created_at", "updated_at") VALUES (?, ?, ?, ?)[0m  [["title", "book 1"], ["description", "book description"], ["created_at", "2022-12-09 05:49:56.166377"], ["updated_at", "2022-12-09 05:49:56.166377"]]
  [1m[35m (1.5ms)[0m  [1m[36mcommit transaction[0m
  [1m[35m (0.1ms)[0m  [1m[36mbegin transaction[0m
  [1m[36mBook Create (0.3ms)[0m  [1m[32mINSERT INTO "books" ("title", "description", "created_at", "updated_at") VALUES (?, ?, ?, ?)[0m  [["title", "book 2"], ["description", "book description"], ["created_at", "2022-12-09 05:49:56.171041"], ["updated_at", "2022-12-09 05:49:56.171041"]]
  [1m[35m (1.4ms)[0m  [1m[36mcommit transaction[0m
  [1m[35m (0.1ms)[0m  [1m[36mbegin transaction[0m
  [1m[36mBook Create (0.2ms)[0m  [1m[32mINSERT INTO "books" ("title", "description", "created_at", "updated_at") VALUES (?, ?, ?, ?)[0m  [["title", "book 3"], ["description", "book description"], ["created_at", "2022-12-09 05:49:56.174700"], ["updated_at", "2022-12-09 05:49:56.174700"]]
  [1m[35m (1.4ms)[0m  [1m[36mcommit transaction[0m
  [1m[35m (0.1ms)[0m  [1m[36mbegin transaction[0m
  [1m[36mBook Create (0.2ms)[0m  [1m[32mINSERT INTO "books" ("title", "description", "created_at", "updated_at") VALUES (?, ?, ?, ?)[0m  [["title", "book 4"], ["description", "book description"], ["created_at", "2022-12-09 05:49:56.179195"], ["updated_at", "2022-12-09 05:49:56.179195"]]
  [1m[35m (1.4ms)[0m  [1m[36mcommit transaction[0m
  [1m[35m (0.0ms)[0m  [1m[36mbegin transaction[0m
  [1m[36mBook Create (0.2ms)[0m  [1m[32mINSERT INTO "books" ("title", "description", "created_at", "updated_at") VALUES (?, ?, ?, ?)[0m  [["title", "book 5"], ["description", "book description"], ["created_at", "2022-12-09 05:49:56.182951"], ["updated_at", "2022-12-09 05:49:56.182951"]]
  [1m[35m (1.3ms)[0m  [1m[36mcommit transaction[0m
  [1m[35m (0.0ms)[0m  [1m[36mbegin transaction[0m
  [1m[36mBook Create (0.1ms)[0m  [1m[32mINSERT INTO "books" ("title", "description", "created_at", "updated_at") VALUES (?, ?, ?, ?)[0m  [["title", "book 6"], ["description", "book description"], ["created_at", "2022-12-09 05:49:56.185469"], ["updated_at", "2022-12-09 05:49:56.185469"]]
  [1m[35m (1.2ms)[0m  [1m[36mcommit transaction[0m
  [1m[35m (0.0ms)[0m  [1m[36mbegin transaction[0m
  [1m[36mBook Create (0.1ms)[0m  [1m[32mINSERT INTO "books" ("title", "description", "created_at", "updated_at") VALUES (?, ?, ?, ?)[0m  [["title", "book 7"], ["description", "book description"], ["created_at", "2022-12-09 05:49:56.187603"], ["updated_at", "2022-12-09 05:49:56.187603"]]
  [1m[35m (1.2ms)[0m  [1m[36mcommit transaction[0m
  [1m[35m (0.0ms)[0m  [1m[36mbegin transaction[0m
  [1m[36mBook Create (0.1ms)[0m  [1m[32mINSERT INTO "books" ("title", "description", "created_at", "updated_at") VALUES (?, ?, ?, ?)[0m  [["title", "book 8"], ["description", "book description"], ["created_at", "2022-12-09 05:49:56.189662"], ["updated_at", "2022-12-09 05:49:56.189662"]]
  [1m[35m (1.1ms)[0m  [1m[36mcommit transaction[0m
  [1m[35m (0.0ms)[0m  [1m[36mbegin transaction[0m
  [1m[36mBook Create (0.1ms)[0m  [1m[32mINSERT INTO "books" ("title", "description", "created_at", "updated_at") VALUES (?, ?, ?, ?)[0m  [["title", "book 9"], ["description", "book description"], ["created_at", "2022-12-09 05:49:56.191762"], ["updated_at", "2022-12-09 05:49:56.191762"]]
  [1m[35m (1.2ms)[0m  [1m[36mcommit transaction[0m
Started GET "/books" for 127.0.0.1 at 2022-12-08 21:50:31 -0800
  [1m[35m (0.1ms)[0m  [1m[34mSELECT "schema_migrations"."version" FROM "schema_migrations" ORDER BY "schema_migrations"."version" ASC[0m
  ↳ /var/lib/gems/2.7.0/gems/activerecord-5.2.8.1/lib/active_record/log_subscriber.rb:98
Processing by BooksController#index as HTML
  Rendering books/index.html.erb within layouts/application
  [1m[36mBook Load (0.1ms)[0m  [1m[34mSELECT "books".* FROM "books"[0m
  ↳ app/views/books/index.html.erb:18
  Rendered books/index.html.erb within layouts/application (7.5ms)
Completed 200 OK in 152ms (Views: 147.9ms | ActiveRecord: 0.5ms)


Started GET "/" for 127.0.0.1 at 2022-12-10 00:25:18 -0800
  [1m[35m (0.1ms)[0m  [1m[34mSELECT "schema_migrations"."version" FROM "schema_migrations" ORDER BY "schema_migrations"."version" ASC[0m
  ↳ /var/lib/gems/2.7.0/gems/activerecord-5.2.8.1/lib/active_record/log_subscriber.rb:98
Processing by PagesController#home as HTML
Completed 500 Internal Server Error in 3ms (ActiveRecord: 0.0ms)


  
NameError (uninitialized constant PagesController::Books):
  
app/controllers/pages_controller.rb:9:in `home'
Started GET "/" for 127.0.0.1 at 2022-12-10 00:25:42 -0800
Processing by PagesController#home as HTML
  Rendering pages/home.html.erb within layouts/application
  [1m[36mBook Load (0.3ms)[0m  [1m[34mSELECT "books".* FROM "books"[0m
  ↳ app/views/pages/home.html.erb:3
  Rendered pages/home.html.erb within layouts/application (124.7ms)
Completed 500 Internal Server Error in 134ms (ActiveRecord: 0.9ms)


  
ActionView::Template::Error (undefined local variable or method `project' for #<#<Class:0x0000564bf95ad480>:0x0000564bf9582578>
Did you mean?  proc):
    1: <h1>Home Page</h1>
    2: 
    3: <% @books.each do |book| %>
    4: 	<p><strong><%= project.title %></strong></p>
    5: <% end %>
  
app/views/pages/home.html.erb:4:in `block in _app_views_pages_home_html_erb___3281585511079340013_17960'
app/views/pages/home.html.erb:3:in `_app_views_pages_home_html_erb___3281585511079340013_17960'
Started GET "/" for 127.0.0.1 at 2022-12-10 00:26:01 -0800
Processing by PagesController#home as HTML
  Rendering pages/home.html.erb within layouts/application
  [1m[36mBook Load (0.3ms)[0m  [1m[34mSELECT "books".* FROM "books"[0m
  ↳ app/views/pages/home.html.erb:3
  Rendered pages/home.html.erb within layouts/application (2.3ms)
Completed 200 OK in 202ms (Views: 200.6ms | ActiveRecord: 0.3ms)


Started GET "/" for 127.0.0.1 at 2022-12-10 00:54:58 -0800
Processing by PagesController#home as HTML
  Rendering pages/home.html.erb within layouts/application
  [1m[36mBook Load (0.2ms)[0m  [1m[34mSELECT "books".* FROM "books"[0m
  ↳ app/views/pages/home.html.erb:4
  Rendered pages/home.html.erb within layouts/application (1.8ms)
Completed 500 Internal Server Error in 158ms (ActiveRecord: 0.2ms)


  
ActionView::Template::Error (undefined local variable or method `about_path' for #<#<Class:0x0000564bf95ad480>:0x00007fe294a6c060>):
    12:   <body>
    13: 
    14:     <%= link_to "Home", root_path %>
    15:     <%= link_to "About", about_path %>
    16:     <%= link_to "Contact", contact_path %>
    17:     <%= link_to "Books", books_path %>
    18:     
  
app/views/layouts/application.html.erb:15:in `_app_views_layouts_application_html_erb___3996323810497721744_18900'
Started GET "/" for 127.0.0.1 at 2022-12-10 01:01:05 -0800
Processing by PagesController#home as HTML
  Rendering pages/home.html.erb within layouts/application
  [1m[36mBook Load (0.4ms)[0m  [1m[34mSELECT "books".* FROM "books"[0m
  ↳ app/views/pages/home.html.erb:4
  Rendered pages/home.html.erb within layouts/application (14.0ms)
Completed 200 OK in 54ms (Views: 50.4ms | ActiveRecord: 1.2ms)


Started GET "/books" for 127.0.0.1 at 2022-12-10 01:01:14 -0800
Processing by BooksController#index as HTML
  Rendering books/index.html.erb within layouts/application
  [1m[36mBook Load (0.1ms)[0m  [1m[34mSELECT "books".* FROM "books"[0m
  ↳ app/views/books/index.html.erb:18
  Rendered books/index.html.erb within layouts/application (5.7ms)
Completed 200 OK in 44ms (Views: 38.9ms | ActiveRecord: 0.1ms)


Started GET "/books/1" for 127.0.0.1 at 2022-12-10 01:01:22 -0800
Processing by BooksController#show as HTML
  Parameters: {"id"=>"1"}
  [1m[36mBook Load (0.3ms)[0m  [1m[34mSELECT  "books".* FROM "books" WHERE "books"."id" = ? LIMIT ?[0m  [["id", 1], ["LIMIT", 1]]
  ↳ app/controllers/books_controller.rb:63
  Rendering books/show.html.erb within layouts/application
  Rendered books/show.html.erb within layouts/application (2.6ms)
Completed 200 OK in 67ms (Views: 53.1ms | ActiveRecord: 0.3ms)


Started GET "/books" for 127.0.0.1 at 2022-12-10 01:01:26 -0800
Processing by BooksController#index as HTML
  Rendering books/index.html.erb within layouts/application
  [1m[36mBook Load (0.3ms)[0m  [1m[34mSELECT "books".* FROM "books"[0m
  ↳ app/views/books/index.html.erb:18
  Rendered books/index.html.erb within layouts/application (5.4ms)
Completed 200 OK in 32ms (Views: 29.9ms | ActiveRecord: 0.3ms)


Started GET "/books" for 127.0.0.1 at 2022-12-10 01:02:38 -0800
Processing by BooksController#index as HTML
  Rendering books/index.html.erb within layouts/application
  [1m[36mBook Load (0.2ms)[0m  [1m[34mSELECT "books".* FROM "books"[0m
  ↳ app/views/books/index.html.erb:18
  Rendered books/index.html.erb within layouts/application (7.1ms)
Completed 200 OK in 44ms (Views: 35.7ms | ActiveRecord: 0.2ms)


Started GET "/" for 127.0.0.1 at 2022-12-10 10:58:58 -0800
  [1m[35m (0.1ms)[0m  [1m[34mSELECT "schema_migrations"."version" FROM "schema_migrations" ORDER BY "schema_migrations"."version" ASC[0m
  ↳ /var/lib/gems/2.7.0/gems/activerecord-5.2.8.1/lib/active_record/log_subscriber.rb:98
Processing by PagesController#home as HTML
  Rendering pages/home.html.erb within layouts/application
  [1m[36mBook Load (0.1ms)[0m  [1m[34mSELECT "books".* FROM "books"[0m
  ↳ app/views/pages/home.html.erb:4
  Rendered pages/home.html.erb within layouts/application (5.7ms)
Completed 200 OK in 155ms (Views: 150.7ms | ActiveRecord: 0.4ms)


Started GET "/books" for 127.0.0.1 at 2022-12-10 10:59:01 -0800
Processing by BooksController#index as HTML
  Rendering books/index.html.erb within layouts/application
  [1m[36mBook Load (0.3ms)[0m  [1m[34mSELECT "books".* FROM "books"[0m
  ↳ app/views/books/index.html.erb:18
  Rendered books/index.html.erb within layouts/application (5.5ms)
Completed 200 OK in 26ms (Views: 24.4ms | ActiveRecord: 0.3ms)


Started GET "/books/1/edit" for 127.0.0.1 at 2022-12-10 10:59:05 -0800
Processing by BooksController#edit as HTML
  Parameters: {"id"=>"1"}
  [1m[36mBook Load (0.3ms)[0m  [1m[34mSELECT  "books".* FROM "books" WHERE "books"."id" = ? LIMIT ?[0m  [["id", 1], ["LIMIT", 1]]
  ↳ app/controllers/books_controller.rb:63
  Rendering books/edit.html.erb within layouts/application
  Rendered books/_form.html.erb (25.8ms)
  Rendered books/edit.html.erb within layouts/application (27.4ms)
Completed 200 OK in 52ms (Views: 47.9ms | ActiveRecord: 0.3ms)


Started PATCH "/books/1" for 127.0.0.1 at 2022-12-10 11:04:39 -0800
Processing by BooksController#update as HTML
  Parameters: {"utf8"=>"✓", "authenticity_token"=>"BFdsjx2nWx3F+kFG767F7B/H1fz/DUSE5kG1GLaQXQpdPLwoTgC0BsS+by/e0Alv7dfPpbMnlXA2fvQdnX97Qg==", "book"=>{"title"=>"The Odyssey", "author"=>"Homer", "description"=>"Odysseus embarks on a decade long journey as he meets the lotus-eaters, cunningly flees the Cyclops, angers his gods, resists the sexy Sirens, narrowly escapes Scylla and Charybdis, docks in exotic cities - all while struggling to make it home to his wife and son.", "numChapters"=>"24", "status"=>"Read"}, "commit"=>"Update Book", "id"=>"1"}
  [1m[36mBook Load (0.2ms)[0m  [1m[34mSELECT  "books".* FROM "books" WHERE "books"."id" = ? LIMIT ?[0m  [["id", 1], ["LIMIT", 1]]
  ↳ app/controllers/books_controller.rb:63
  [1m[35m (0.2ms)[0m  [1m[36mbegin transaction[0m
  ↳ app/controllers/books_controller.rb:40
  [1m[36mBook Update (0.4ms)[0m  [1m[33mUPDATE "books" SET "title" = ?, "author" = ?, "description" = ?, "numChapters" = ?, "status" = ?, "updated_at" = ? WHERE "books"."id" = ?[0m  [["title", "The Odyssey"], ["author", "Homer"], ["description", "Odysseus embarks on a decade long journey as he meets the lotus-eaters, cunningly flees the Cyclops, angers his gods, resists the sexy Sirens, narrowly escapes Scylla and Charybdis, docks in exotic cities - all while struggling to make it home to his wife and son."], ["numChapters", 24], ["status", "Read"], ["updated_at", "2022-12-10 19:04:39.416204"], ["id", 1]]
  ↳ app/controllers/books_controller.rb:40
  [1m[35m (1.5ms)[0m  [1m[36mcommit transaction[0m
  ↳ app/controllers/books_controller.rb:40
Redirected to http://localhost:3000/books/1
Completed 302 Found in 10ms (ActiveRecord: 2.3ms)


Started GET "/books/1" for 127.0.0.1 at 2022-12-10 11:04:39 -0800
Processing by BooksController#show as HTML
  Parameters: {"id"=>"1"}
  [1m[36mBook Load (0.2ms)[0m  [1m[34mSELECT  "books".* FROM "books" WHERE "books"."id" = ? LIMIT ?[0m  [["id", 1], ["LIMIT", 1]]
  ↳ app/controllers/books_controller.rb:63
  Rendering books/show.html.erb within layouts/application
  Rendered books/show.html.erb within layouts/application (1.1ms)
Completed 200 OK in 24ms (Views: 22.0ms | ActiveRecord: 0.2ms)


Started GET "/books" for 127.0.0.1 at 2022-12-10 11:04:45 -0800
Processing by BooksController#index as HTML
  Rendering books/index.html.erb within layouts/application
  [1m[36mBook Load (0.3ms)[0m  [1m[34mSELECT "books".* FROM "books"[0m
  ↳ app/views/books/index.html.erb:18
  Rendered books/index.html.erb within layouts/application (6.9ms)
Completed 200 OK in 49ms (Views: 47.4ms | ActiveRecord: 0.3ms)


Started GET "/books/2/edit" for 127.0.0.1 at 2022-12-10 11:05:28 -0800
Processing by BooksController#edit as HTML
  Parameters: {"id"=>"2"}
  [1m[36mBook Load (0.2ms)[0m  [1m[34mSELECT  "books".* FROM "books" WHERE "books"."id" = ? LIMIT ?[0m  [["id", 2], ["LIMIT", 1]]
  ↳ app/controllers/books_controller.rb:63
  Rendering books/edit.html.erb within layouts/application
  Rendered books/_form.html.erb (4.6ms)
  Rendered books/edit.html.erb within layouts/application (6.2ms)
Completed 200 OK in 31ms (Views: 28.0ms | ActiveRecord: 0.2ms)


Started PATCH "/books/2" for 127.0.0.1 at 2022-12-10 11:08:14 -0800
Processing by BooksController#update as HTML
  Parameters: {"utf8"=>"✓", "authenticity_token"=>"1oS/sJW8RfS+cmxu473GJECPtxiXrHJfFkDiJFELLKi7iNgoamMzwZT5CjUxtxlfD3oXRwTYVt0BVeiP7906ig==", "book"=>{"title"=>"The Idiot", "author"=>"Fyodor Dostoyevsky", "description"=>"Prince Myshkin - the idiot - stands above and apart from characters who vividly and violently embody the passions and conflicts of nineteenth-century Russia.", "numChapters"=>"12", "status"=>"Plan to Read"}, "commit"=>"Update Book", "id"=>"2"}
  [1m[36mBook Load (0.2ms)[0m  [1m[34mSELECT  "books".* FROM "books" WHERE "books"."id" = ? LIMIT ?[0m  [["id", 2], ["LIMIT", 1]]
  ↳ app/controllers/books_controller.rb:63
  [1m[35m (0.1ms)[0m  [1m[36mbegin transaction[0m
  ↳ app/controllers/books_controller.rb:40
  [1m[36mBook Update (0.4ms)[0m  [1m[33mUPDATE "books" SET "title" = ?, "author" = ?, "description" = ?, "numChapters" = ?, "status" = ?, "updated_at" = ? WHERE "books"."id" = ?[0m  [["title", "The Idiot"], ["author", "Fyodor Dostoyevsky"], ["description", "Prince Myshkin - the idiot - stands above and apart from characters who vividly and violently embody the passions and conflicts of nineteenth-century Russia."], ["numChapters", 12], ["status", "Plan to Read"], ["updated_at", "2022-12-10 19:08:14.875068"], ["id", 2]]
  ↳ app/controllers/books_controller.rb:40
  [1m[35m (1.6ms)[0m  [1m[36mcommit transaction[0m
  ↳ app/controllers/books_controller.rb:40
Redirected to http://localhost:3000/books/2
Completed 302 Found in 10ms (ActiveRecord: 2.3ms)


Started GET "/books/2" for 127.0.0.1 at 2022-12-10 11:08:14 -0800
Processing by BooksController#show as HTML
  Parameters: {"id"=>"2"}
  [1m[36mBook Load (0.1ms)[0m  [1m[34mSELECT  "books".* FROM "books" WHERE "books"."id" = ? LIMIT ?[0m  [["id", 2], ["LIMIT", 1]]
  ↳ app/controllers/books_controller.rb:63
  Rendering books/show.html.erb within layouts/application
  Rendered books/show.html.erb within layouts/application (0.6ms)
Completed 200 OK in 18ms (Views: 16.9ms | ActiveRecord: 0.1ms)


Started GET "/books" for 127.0.0.1 at 2022-12-10 11:08:21 -0800
Processing by BooksController#index as HTML
  Rendering books/index.html.erb within layouts/application
  [1m[36mBook Load (0.2ms)[0m  [1m[34mSELECT "books".* FROM "books"[0m
  ↳ app/views/books/index.html.erb:18
  Rendered books/index.html.erb within layouts/application (5.3ms)
Completed 200 OK in 28ms (Views: 26.1ms | ActiveRecord: 0.2ms)


Started GET "/books/3/edit" for 127.0.0.1 at 2022-12-10 11:08:45 -0800
Processing by BooksController#edit as HTML
  Parameters: {"id"=>"3"}
  [1m[36mBook Load (0.3ms)[0m  [1m[34mSELECT  "books".* FROM "books" WHERE "books"."id" = ? LIMIT ?[0m  [["id", 3], ["LIMIT", 1]]
  ↳ app/controllers/books_controller.rb:63
  Rendering books/edit.html.erb within layouts/application
  Rendered books/_form.html.erb (5.4ms)
  Rendered books/edit.html.erb within layouts/application (6.9ms)
Completed 200 OK in 32ms (Views: 28.4ms | ActiveRecord: 0.3ms)


Started PATCH "/books/3" for 127.0.0.1 at 2022-12-10 11:11:10 -0800
Processing by BooksController#update as HTML
  Parameters: {"utf8"=>"✓", "authenticity_token"=>"QWzze7MlXFRpTQCTUYZ55RuTsPrqmFgfXayGNHPa/c3b6nE572BLCy6EOQFtlU0KmzpFp74rmGv+EayHdLm+OA==", "book"=>{"title"=>"The Iliad", "author"=>"Homer", "description"=>"Humans and gods wrestling with towering emotions.Curse of Cassandra, siege of Troy, battle btw Hector and Achilles, and the face that launched a thousand ships", "numChapters"=>"24", "status"=>"Read"}, "commit"=>"Update Book", "id"=>"3"}
  [1m[36mBook Load (0.2ms)[0m  [1m[34mSELECT  "books".* FROM "books" WHERE "books"."id" = ? LIMIT ?[0m  [["id", 3], ["LIMIT", 1]]
  ↳ app/controllers/books_controller.rb:63
  [1m[35m (0.1ms)[0m  [1m[36mbegin transaction[0m
  ↳ app/controllers/books_controller.rb:40
  [1m[36mBook Update (0.4ms)[0m  [1m[33mUPDATE "books" SET "title" = ?, "author" = ?, "description" = ?, "numChapters" = ?, "status" = ?, "updated_at" = ? WHERE "books"."id" = ?[0m  [["title", "The Iliad"], ["author", "Homer"], ["description", "Humans and gods wrestling with towering emotions.Curse of Cassandra, siege of Troy, battle btw Hector and Achilles, and the face that launched a thousand ships"], ["numChapters", 24], ["status", "Read"], ["updated_at", "2022-12-10 19:11:10.011652"], ["id", 3]]
  ↳ app/controllers/books_controller.rb:40
  [1m[35m (2.1ms)[0m  [1m[36mcommit transaction[0m
  ↳ app/controllers/books_controller.rb:40
Redirected to http://localhost:3000/books/3
Completed 302 Found in 10ms (ActiveRecord: 2.8ms)


Started GET "/books/3" for 127.0.0.1 at 2022-12-10 11:11:10 -0800
Processing by BooksController#show as HTML
  Parameters: {"id"=>"3"}
  [1m[36mBook Load (0.1ms)[0m  [1m[34mSELECT  "books".* FROM "books" WHERE "books"."id" = ? LIMIT ?[0m  [["id", 3], ["LIMIT", 1]]
  ↳ app/controllers/books_controller.rb:63
  Rendering books/show.html.erb within layouts/application
  Rendered books/show.html.erb within layouts/application (0.6ms)
Completed 200 OK in 22ms (Views: 20.4ms | ActiveRecord: 0.1ms)


Started GET "/books" for 127.0.0.1 at 2022-12-10 11:11:12 -0800
Processing by BooksController#index as HTML
  Rendering books/index.html.erb within layouts/application
  [1m[36mBook Load (0.3ms)[0m  [1m[34mSELECT "books".* FROM "books"[0m
  ↳ app/views/books/index.html.erb:18
  Rendered books/index.html.erb within layouts/application (5.6ms)
Completed 200 OK in 29ms (Views: 27.7ms | ActiveRecord: 0.3ms)


Started GET "/books/4/edit" for 127.0.0.1 at 2022-12-10 11:11:32 -0800
Processing by BooksController#edit as HTML
  Parameters: {"id"=>"4"}
  [1m[36mBook Load (0.2ms)[0m  [1m[34mSELECT  "books".* FROM "books" WHERE "books"."id" = ? LIMIT ?[0m  [["id", 4], ["LIMIT", 1]]
  ↳ app/controllers/books_controller.rb:63
  Rendering books/edit.html.erb within layouts/application
  Rendered books/_form.html.erb (2.3ms)
  Rendered books/edit.html.erb within layouts/application (3.2ms)
Completed 200 OK in 23ms (Views: 20.7ms | ActiveRecord: 0.2ms)


Started PATCH "/books/4" for 127.0.0.1 at 2022-12-10 11:14:01 -0800
Processing by BooksController#update as HTML
  Parameters: {"utf8"=>"✓", "authenticity_token"=>"tgRKH9sKNKB2ZYTK6dRp789Ip8hXfKfZRn6fLdDoxeNkP1ND/f3gfKz+zZ7ML9KjV3yYM5utHmCGWjGyWsI8GQ==", "book"=>{"title"=>"The Clone Codes", "author"=>"McKissack", "description"=>"post-war dystopian about a girl who manages a world with clone slaves", "numChapters"=>"12", "status"=>"Read"}, "commit"=>"Update Book", "id"=>"4"}
  [1m[36mBook Load (0.2ms)[0m  [1m[34mSELECT  "books".* FROM "books" WHERE "books"."id" = ? LIMIT ?[0m  [["id", 4], ["LIMIT", 1]]
  ↳ app/controllers/books_controller.rb:63
  [1m[35m (0.1ms)[0m  [1m[36mbegin transaction[0m
  ↳ app/controllers/books_controller.rb:40
  [1m[36mBook Update (0.4ms)[0m  [1m[33mUPDATE "books" SET "title" = ?, "author" = ?, "description" = ?, "numChapters" = ?, "status" = ?, "updated_at" = ? WHERE "books"."id" = ?[0m  [["title", "The Clone Codes"], ["author", "McKissack"], ["description", "post-war dystopian about a girl who manages a world with clone slaves"], ["numChapters", 12], ["status", "Read"], ["updated_at", "2022-12-10 19:14:01.965226"], ["id", 4]]
  ↳ app/controllers/books_controller.rb:40
  [1m[35m (1.7ms)[0m  [1m[36mcommit transaction[0m
  ↳ app/controllers/books_controller.rb:40
Redirected to http://localhost:3000/books/4
Completed 302 Found in 9ms (ActiveRecord: 2.4ms)


Started GET "/books/4" for 127.0.0.1 at 2022-12-10 11:14:01 -0800
Processing by BooksController#show as HTML
  Parameters: {"id"=>"4"}
  [1m[36mBook Load (0.1ms)[0m  [1m[34mSELECT  "books".* FROM "books" WHERE "books"."id" = ? LIMIT ?[0m  [["id", 4], ["LIMIT", 1]]
  ↳ app/controllers/books_controller.rb:63
  Rendering books/show.html.erb within layouts/application
  Rendered books/show.html.erb within layouts/application (0.6ms)
Completed 200 OK in 15ms (Views: 14.3ms | ActiveRecord: 0.1ms)


Started GET "/books" for 127.0.0.1 at 2022-12-10 11:14:13 -0800
Processing by BooksController#index as HTML
  Rendering books/index.html.erb within layouts/application
  [1m[36mBook Load (0.2ms)[0m  [1m[34mSELECT "books".* FROM "books"[0m
  ↳ app/views/books/index.html.erb:18
  Rendered books/index.html.erb within layouts/application (5.4ms)
Completed 200 OK in 28ms (Views: 26.4ms | ActiveRecord: 0.2ms)


Started GET "/books/5/edit" for 127.0.0.1 at 2022-12-10 11:14:18 -0800
Processing by BooksController#edit as HTML
  Parameters: {"id"=>"5"}
  [1m[36mBook Load (0.2ms)[0m  [1m[34mSELECT  "books".* FROM "books" WHERE "books"."id" = ? LIMIT ?[0m  [["id", 5], ["LIMIT", 1]]
  ↳ app/controllers/books_controller.rb:63
  Rendering books/edit.html.erb within layouts/application
  Rendered books/_form.html.erb (4.6ms)
  Rendered books/edit.html.erb within layouts/application (6.1ms)
Completed 200 OK in 32ms (Views: 28.9ms | ActiveRecord: 0.2ms)


Started PATCH "/books/5" for 127.0.0.1 at 2022-12-10 11:16:52 -0800
Processing by BooksController#update as HTML
  Parameters: {"utf8"=>"✓", "authenticity_token"=>"VsG0L0EJGn2130XwpqEZcdmmJ79L4IZrqdCGa0IaElERZNXX2PbGZT9pVNwDf41N5u5wd3Ro/fmUfWHlorm0qg==", "book"=>{"title"=>"Pride and Prejudice", "author"=>"Jane Austen", "description"=>"\r\nPride and Prejudice is an 1813 novel of manners by Jane Austen. The novel follows the character development of Elizabeth Bennet, the dynamic protagonist of the book who learns about the repercussions of hasty judgments and comes to appreciate the difference between superficial goodness and actual goodness.", "numChapters"=>"61", "status"=>"Plan to Read"}, "commit"=>"Update Book", "id"=>"5"}
  [1m[36mBook Load (0.2ms)[0m  [1m[34mSELECT  "books".* FROM "books" WHERE "books"."id" = ? LIMIT ?[0m  [["id", 5], ["LIMIT", 1]]
  ↳ app/controllers/books_controller.rb:63
  [1m[35m (0.1ms)[0m  [1m[36mbegin transaction[0m
  ↳ app/controllers/books_controller.rb:40
  [1m[36mBook Update (0.5ms)[0m  [1m[33mUPDATE "books" SET "title" = ?, "author" = ?, "description" = ?, "numChapters" = ?, "status" = ?, "updated_at" = ? WHERE "books"."id" = ?[0m  [["title", "Pride and Prejudice"], ["author", "Jane Austen"], ["description", "\r\nPride and Prejudice is an 1813 novel of manners by Jane Austen. The novel follows the character development of Elizabeth Bennet, the dynamic protagonist of the book who learns about the repercussions of hasty judgments and comes to appreciate the difference between superficial goodness and actual goodness."], ["numChapters", 61], ["status", "Plan to Read"], ["updated_at", "2022-12-10 19:16:52.791969"], ["id", 5]]
  ↳ app/controllers/books_controller.rb:40
  [1m[35m (1.7ms)[0m  [1m[36mcommit transaction[0m
  ↳ app/controllers/books_controller.rb:40
Redirected to http://localhost:3000/books/5
Completed 302 Found in 11ms (ActiveRecord: 2.5ms)


Started GET "/books/5" for 127.0.0.1 at 2022-12-10 11:16:52 -0800
Processing by BooksController#show as HTML
  Parameters: {"id"=>"5"}
  [1m[36mBook Load (0.1ms)[0m  [1m[34mSELECT  "books".* FROM "books" WHERE "books"."id" = ? LIMIT ?[0m  [["id", 5], ["LIMIT", 1]]
  ↳ app/controllers/books_controller.rb:63
  Rendering books/show.html.erb within layouts/application
  Rendered books/show.html.erb within layouts/application (1.0ms)
Completed 200 OK in 12ms (Views: 10.5ms | ActiveRecord: 0.1ms)


Started GET "/books" for 127.0.0.1 at 2022-12-10 11:16:57 -0800
Processing by BooksController#index as HTML
  Rendering books/index.html.erb within layouts/application
  [1m[36mBook Load (0.2ms)[0m  [1m[34mSELECT "books".* FROM "books"[0m
  ↳ app/views/books/index.html.erb:18
  Rendered books/index.html.erb within layouts/application (6.6ms)
Completed 200 OK in 30ms (Views: 28.5ms | ActiveRecord: 0.2ms)


Started GET "/books/6/edit" for 127.0.0.1 at 2022-12-10 11:17:46 -0800
Processing by BooksController#edit as HTML
  Parameters: {"id"=>"6"}
  [1m[36mBook Load (0.2ms)[0m  [1m[34mSELECT  "books".* FROM "books" WHERE "books"."id" = ? LIMIT ?[0m  [["id", 6], ["LIMIT", 1]]
  ↳ app/controllers/books_controller.rb:63
  Rendering books/edit.html.erb within layouts/application
  Rendered books/_form.html.erb (4.7ms)
  Rendered books/edit.html.erb within layouts/application (6.9ms)
Completed 200 OK in 31ms (Views: 28.8ms | ActiveRecord: 0.2ms)


Started PATCH "/books/6" for 127.0.0.1 at 2022-12-10 11:21:13 -0800
Processing by BooksController#update as HTML
  Parameters: {"utf8"=>"✓", "authenticity_token"=>"EsYZ8kjBxyT5ZiRqFWMStAUZA5fanuUNaV9Kqdr5Dj+MjxrE77XIZGs+qJb+k7j7dKLzsGKiRzeE0h5SnDzmEg==", "book"=>{"title"=>"Little Women", "author"=>"Louisa May Alcott", "description"=>"a story of the March sisters: a talented tomboy and author-to-be Jo, tragically frail Beth, beautiful Meg and romantic spoiled Amy, united in their devotion to each other and their struggles to survive in New England during the Civil War.", "numChapters"=>"46", "status"=>"Read"}, "commit"=>"Update Book", "id"=>"6"}
  [1m[36mBook Load (0.2ms)[0m  [1m[34mSELECT  "books".* FROM "books" WHERE "books"."id" = ? LIMIT ?[0m  [["id", 6], ["LIMIT", 1]]
  ↳ app/controllers/books_controller.rb:63
  [1m[35m (0.1ms)[0m  [1m[36mbegin transaction[0m
  ↳ app/controllers/books_controller.rb:40
  [1m[36mBook Update (0.4ms)[0m  [1m[33mUPDATE "books" SET "title" = ?, "author" = ?, "description" = ?, "numChapters" = ?, "status" = ?, "updated_at" = ? WHERE "books"."id" = ?[0m  [["title", "Little Women"], ["author", "Louisa May Alcott"], ["description", "a story of the March sisters: a talented tomboy and author-to-be Jo, tragically frail Beth, beautiful Meg and romantic spoiled Amy, united in their devotion to each other and their struggles to survive in New England during the Civil War."], ["numChapters", 46], ["status", "Read"], ["updated_at", "2022-12-10 19:21:13.575832"], ["id", 6]]
  ↳ app/controllers/books_controller.rb:40
  [1m[35m (1.6ms)[0m  [1m[36mcommit transaction[0m
  ↳ app/controllers/books_controller.rb:40
Redirected to http://localhost:3000/books/6
Completed 302 Found in 10ms (ActiveRecord: 2.3ms)


Started GET "/books/6" for 127.0.0.1 at 2022-12-10 11:21:13 -0800
Processing by BooksController#show as HTML
  Parameters: {"id"=>"6"}
  [1m[36mBook Load (0.2ms)[0m  [1m[34mSELECT  "books".* FROM "books" WHERE "books"."id" = ? LIMIT ?[0m  [["id", 6], ["LIMIT", 1]]
  ↳ app/controllers/books_controller.rb:63
  Rendering books/show.html.erb within layouts/application
  Rendered books/show.html.erb within layouts/application (1.5ms)
Completed 200 OK in 34ms (Views: 31.7ms | ActiveRecord: 0.2ms)


Started GET "/books" for 127.0.0.1 at 2022-12-10 11:21:16 -0800
Processing by BooksController#index as HTML
  Rendering books/index.html.erb within layouts/application
  [1m[36mBook Load (0.3ms)[0m  [1m[34mSELECT "books".* FROM "books"[0m
  ↳ app/views/books/index.html.erb:18
  Rendered books/index.html.erb within layouts/application (5.6ms)
Completed 200 OK in 27ms (Views: 25.4ms | ActiveRecord: 0.3ms)


Started GET "/books/7/edit" for 127.0.0.1 at 2022-12-10 11:21:42 -0800
Processing by BooksController#edit as HTML
  Parameters: {"id"=>"7"}
  [1m[36mBook Load (0.2ms)[0m  [1m[34mSELECT  "books".* FROM "books" WHERE "books"."id" = ? LIMIT ?[0m  [["id", 7], ["LIMIT", 1]]
  ↳ app/controllers/books_controller.rb:63
  Rendering books/edit.html.erb within layouts/application
  Rendered books/_form.html.erb (5.3ms)
  Rendered books/edit.html.erb within layouts/application (6.8ms)
Completed 200 OK in 30ms (Views: 27.8ms | ActiveRecord: 0.2ms)


Started PATCH "/books/7" for 127.0.0.1 at 2022-12-10 11:23:55 -0800
Processing by BooksController#update as HTML
  Parameters: {"utf8"=>"✓", "authenticity_token"=>"T7rhBfNHGWCjkS9Q6ooE+18YgoERYY5IrPD7hgMYdUMAt9Qs8HP5J8uYz+X6bLpbOACA6t0tPDMUO1Y2vM22ug==", "book"=>{"title"=>"Virgil", "author"=>"Aenid", "description"=>"The story of Aeneas' seven-year journey from the ruins of Troy to Italy, where he becomes the founding ancestor of Rome.", "numChapters"=>"12", "status"=>"In Progress"}, "commit"=>"Update Book", "id"=>"7"}
  [1m[36mBook Load (0.2ms)[0m  [1m[34mSELECT  "books".* FROM "books" WHERE "books"."id" = ? LIMIT ?[0m  [["id", 7], ["LIMIT", 1]]
  ↳ app/controllers/books_controller.rb:63
  [1m[35m (0.1ms)[0m  [1m[36mbegin transaction[0m
  ↳ app/controllers/books_controller.rb:40
  [1m[36mBook Update (0.3ms)[0m  [1m[33mUPDATE "books" SET "title" = ?, "author" = ?, "description" = ?, "numChapters" = ?, "status" = ?, "updated_at" = ? WHERE "books"."id" = ?[0m  [["title", "Virgil"], ["author", "Aenid"], ["description", "The story of Aeneas' seven-year journey from the ruins of Troy to Italy, where he becomes the founding ancestor of Rome."], ["numChapters", 12], ["status", "In Progress"], ["updated_at", "2022-12-10 19:23:55.184483"], ["id", 7]]
  ↳ app/controllers/books_controller.rb:40
  [1m[35m (1.7ms)[0m  [1m[36mcommit transaction[0m
  ↳ app/controllers/books_controller.rb:40
Redirected to http://localhost:3000/books/7
Completed 302 Found in 10ms (ActiveRecord: 2.3ms)


Started GET "/books/7" for 127.0.0.1 at 2022-12-10 11:23:55 -0800
Processing by BooksController#show as HTML
  Parameters: {"id"=>"7"}
  [1m[36mBook Load (0.2ms)[0m  [1m[34mSELECT  "books".* FROM "books" WHERE "books"."id" = ? LIMIT ?[0m  [["id", 7], ["LIMIT", 1]]
  ↳ app/controllers/books_controller.rb:63
  Rendering books/show.html.erb within layouts/application
  Rendered books/show.html.erb within layouts/application (1.3ms)
Completed 200 OK in 16ms (Views: 13.9ms | ActiveRecord: 0.2ms)


Started GET "/books" for 127.0.0.1 at 2022-12-10 11:23:57 -0800
Processing by BooksController#index as HTML
  Rendering books/index.html.erb within layouts/application
  [1m[36mBook Load (0.3ms)[0m  [1m[34mSELECT "books".* FROM "books"[0m
  ↳ app/views/books/index.html.erb:18
  Rendered books/index.html.erb within layouts/application (6.2ms)
Completed 200 OK in 30ms (Views: 27.9ms | ActiveRecord: 0.3ms)


Started GET "/books/8/edit" for 127.0.0.1 at 2022-12-10 11:24:36 -0800
Processing by BooksController#edit as HTML
  Parameters: {"id"=>"8"}
  [1m[36mBook Load (0.2ms)[0m  [1m[34mSELECT  "books".* FROM "books" WHERE "books"."id" = ? LIMIT ?[0m  [["id", 8], ["LIMIT", 1]]
  ↳ app/controllers/books_controller.rb:63
  Rendering books/edit.html.erb within layouts/application
  Rendered books/_form.html.erb (4.6ms)
  Rendered books/edit.html.erb within layouts/application (6.1ms)
Completed 200 OK in 30ms (Views: 27.6ms | ActiveRecord: 0.2ms)


Started GET "/books" for 127.0.0.1 at 2022-12-10 11:25:01 -0800
Processing by BooksController#index as HTML
  Rendering books/index.html.erb within layouts/application
  [1m[36mBook Load (0.3ms)[0m  [1m[34mSELECT "books".* FROM "books"[0m
  ↳ app/views/books/index.html.erb:18
  Rendered books/index.html.erb within layouts/application (7.9ms)
Completed 200 OK in 31ms (Views: 29.5ms | ActiveRecord: 0.3ms)


Started GET "/books/8/edit" for 127.0.0.1 at 2022-12-10 11:25:45 -0800
Processing by BooksController#edit as HTML
  Parameters: {"id"=>"8"}
  [1m[36mBook Load (0.2ms)[0m  [1m[34mSELECT  "books".* FROM "books" WHERE "books"."id" = ? LIMIT ?[0m  [["id", 8], ["LIMIT", 1]]
  ↳ app/controllers/books_controller.rb:63
  Rendering books/edit.html.erb within layouts/application
  Rendered books/_form.html.erb (5.0ms)
  Rendered books/edit.html.erb within layouts/application (6.5ms)
Completed 200 OK in 41ms (Views: 37.7ms | ActiveRecord: 0.2ms)


Started PATCH "/books/8" for 127.0.0.1 at 2022-12-10 11:28:14 -0800
Processing by BooksController#update as HTML
  Parameters: {"utf8"=>"✓", "authenticity_token"=>"gk5lBO8Cl8ZdVrRbaas72MWZiI55Qr54/bss9FXZtMdx/FB/9nmZgpWzsLx29QFE5UDO6jMlNtPbuKc+d/9dFQ==", "book"=>{"title"=>"Fallen", "author"=>"Lauren Kate", "description"=>"About a teenage girl who is sent to a school for troubled kids after committing arson, only to discover a centuries long curse bestowed on her and her reincarnated lover.", "numChapters"=>"20", "status"=>"Read"}, "commit"=>"Update Book", "id"=>"8"}
  [1m[36mBook Load (0.2ms)[0m  [1m[34mSELECT  "books".* FROM "books" WHERE "books"."id" = ? LIMIT ?[0m  [["id", 8], ["LIMIT", 1]]
  ↳ app/controllers/books_controller.rb:63
  [1m[35m (0.1ms)[0m  [1m[36mbegin transaction[0m
  ↳ app/controllers/books_controller.rb:40
  [1m[36mBook Update (0.3ms)[0m  [1m[33mUPDATE "books" SET "title" = ?, "author" = ?, "description" = ?, "numChapters" = ?, "status" = ?, "updated_at" = ? WHERE "books"."id" = ?[0m  [["title", "Fallen"], ["author", "Lauren Kate"], ["description", "About a teenage girl who is sent to a school for troubled kids after committing arson, only to discover a centuries long curse bestowed on her and her reincarnated lover."], ["numChapters", 20], ["status", "Read"], ["updated_at", "2022-12-10 19:28:14.616060"], ["id", 8]]
  ↳ app/controllers/books_controller.rb:40
  [1m[35m (1.8ms)[0m  [1m[36mcommit transaction[0m
  ↳ app/controllers/books_controller.rb:40
Redirected to http://localhost:3000/books/8
Completed 302 Found in 10ms (ActiveRecord: 2.3ms)


Started GET "/books/8" for 127.0.0.1 at 2022-12-10 11:28:14 -0800
Processing by BooksController#show as HTML
  Parameters: {"id"=>"8"}
  [1m[36mBook Load (0.2ms)[0m  [1m[34mSELECT  "books".* FROM "books" WHERE "books"."id" = ? LIMIT ?[0m  [["id", 8], ["LIMIT", 1]]
  ↳ app/controllers/books_controller.rb:63
  Rendering books/show.html.erb within layouts/application
  Rendered books/show.html.erb within layouts/application (1.4ms)
Completed 200 OK in 25ms (Views: 23.1ms | ActiveRecord: 0.2ms)


Started GET "/books" for 127.0.0.1 at 2022-12-10 11:28:16 -0800
Processing by BooksController#index as HTML
  Rendering books/index.html.erb within layouts/application
  [1m[36mBook Load (0.1ms)[0m  [1m[34mSELECT "books".* FROM "books"[0m
  ↳ app/views/books/index.html.erb:18
  Rendered books/index.html.erb within layouts/application (2.6ms)
Completed 200 OK in 15ms (Views: 13.8ms | ActiveRecord: 0.1ms)


Started GET "/books/9/edit" for 127.0.0.1 at 2022-12-10 11:28:22 -0800
Processing by BooksController#edit as HTML
  Parameters: {"id"=>"9"}
  [1m[36mBook Load (0.2ms)[0m  [1m[34mSELECT  "books".* FROM "books" WHERE "books"."id" = ? LIMIT ?[0m  [["id", 9], ["LIMIT", 1]]
  ↳ app/controllers/books_controller.rb:63
  Rendering books/edit.html.erb within layouts/application
  Rendered books/_form.html.erb (4.9ms)
  Rendered books/edit.html.erb within layouts/application (6.9ms)
Completed 200 OK in 32ms (Views: 29.5ms | ActiveRecord: 0.2ms)


Started PATCH "/books/9" for 127.0.0.1 at 2022-12-10 11:30:28 -0800
Processing by BooksController#update as HTML
  Parameters: {"utf8"=>"✓", "authenticity_token"=>"K1pUU9kVA7zbYtapMZov7DFYmVcS09bjPtfAE7bUTuEn0BqcfIso0bqPDg7DQz25vglRW53rwEe2UVkc+itb6A==", "book"=>{"title"=>"The AutoBiography of Malcolm X", "author"=>"Malcolm X", "description"=>"Malcolm X was a muslim leader, firebrand, and anti-integretionist, who tells the story of his life and growth of the black muslim movement.", "numChapters"=>"19", "status"=>"In Progress"}, "commit"=>"Update Book", "id"=>"9"}
  [1m[36mBook Load (0.2ms)[0m  [1m[34mSELECT  "books".* FROM "books" WHERE "books"."id" = ? LIMIT ?[0m  [["id", 9], ["LIMIT", 1]]
  ↳ app/controllers/books_controller.rb:63
  [1m[35m (0.1ms)[0m  [1m[36mbegin transaction[0m
  ↳ app/controllers/books_controller.rb:40
  [1m[36mBook Update (0.5ms)[0m  [1m[33mUPDATE "books" SET "title" = ?, "author" = ?, "description" = ?, "numChapters" = ?, "status" = ?, "updated_at" = ? WHERE "books"."id" = ?[0m  [["title", "The AutoBiography of Malcolm X"], ["author", "Malcolm X"], ["description", "Malcolm X was a muslim leader, firebrand, and anti-integretionist, who tells the story of his life and growth of the black muslim movement."], ["numChapters", 19], ["status", "In Progress"], ["updated_at", "2022-12-10 19:30:28.673831"], ["id", 9]]
  ↳ app/controllers/books_controller.rb:40
  [1m[35m (1.8ms)[0m  [1m[36mcommit transaction[0m
  ↳ app/controllers/books_controller.rb:40
Redirected to http://localhost:3000/books/9
Completed 302 Found in 11ms (ActiveRecord: 2.5ms)


Started GET "/books/9" for 127.0.0.1 at 2022-12-10 11:30:28 -0800
Processing by BooksController#show as HTML
  Parameters: {"id"=>"9"}
  [1m[36mBook Load (0.2ms)[0m  [1m[34mSELECT  "books".* FROM "books" WHERE "books"."id" = ? LIMIT ?[0m  [["id", 9], ["LIMIT", 1]]
  ↳ app/controllers/books_controller.rb:63
  Rendering books/show.html.erb within layouts/application
  Rendered books/show.html.erb within layouts/application (0.5ms)
Completed 200 OK in 24ms (Views: 22.6ms | ActiveRecord: 0.2ms)


Started GET "/books" for 127.0.0.1 at 2022-12-10 11:30:31 -0800
Processing by BooksController#index as HTML
  Rendering books/index.html.erb within layouts/application
  [1m[36mBook Load (0.1ms)[0m  [1m[34mSELECT "books".* FROM "books"[0m
  ↳ app/views/books/index.html.erb:18
  Rendered books/index.html.erb within layouts/application (2.9ms)
Completed 200 OK in 16ms (Views: 15.4ms | ActiveRecord: 0.1ms)


Started GET "/books/10/edit" for 127.0.0.1 at 2022-12-10 11:30:38 -0800
Processing by BooksController#edit as HTML
  Parameters: {"id"=>"10"}
  [1m[36mBook Load (0.2ms)[0m  [1m[34mSELECT  "books".* FROM "books" WHERE "books"."id" = ? LIMIT ?[0m  [["id", 10], ["LIMIT", 1]]
  ↳ app/controllers/books_controller.rb:63
  Rendering books/edit.html.erb within layouts/application
  Rendered books/_form.html.erb (6.0ms)
  Rendered books/edit.html.erb within layouts/application (7.6ms)
Completed 200 OK in 31ms (Views: 29.2ms | ActiveRecord: 0.2ms)


Started PATCH "/books/10" for 127.0.0.1 at 2022-12-10 11:32:31 -0800
Processing by BooksController#update as HTML
  Parameters: {"utf8"=>"✓", "authenticity_token"=>"BBXR1fE+7wi9Loqn5MrJk4t1WXiWSO1txo9dEsxpyUsWJr4iyvFVK6lxqjkcsYk/dEf1a74Jp2GbGLUJyEgRPg==", "book"=>{"title"=>"His Bloddy Project", "author"=>"Graeme Macrae Burnet", "description"=>"a Mystery novel about the triple murder committed by 17 year old Roderick Macrae", "numChapters"=>"8", "status"=>"In Progress"}, "commit"=>"Update Book", "id"=>"10"}
  [1m[36mBook Load (0.2ms)[0m  [1m[34mSELECT  "books".* FROM "books" WHERE "books"."id" = ? LIMIT ?[0m  [["id", 10], ["LIMIT", 1]]
  ↳ app/controllers/books_controller.rb:63
  [1m[35m (0.1ms)[0m  [1m[36mbegin transaction[0m
  ↳ app/controllers/books_controller.rb:40
  [1m[36mBook Update (0.3ms)[0m  [1m[33mUPDATE "books" SET "title" = ?, "author" = ?, "description" = ?, "numChapters" = ?, "status" = ?, "updated_at" = ? WHERE "books"."id" = ?[0m  [["title", "His Bloddy Project"], ["author", "Graeme Macrae Burnet"], ["description", "a Mystery novel about the triple murder committed by 17 year old Roderick Macrae"], ["numChapters", 8], ["status", "In Progress"], ["updated_at", "2022-12-10 19:32:31.417930"], ["id", 10]]
  ↳ app/controllers/books_controller.rb:40
  [1m[35m (1.7ms)[0m  [1m[36mcommit transaction[0m
  ↳ app/controllers/books_controller.rb:40
Redirected to http://localhost:3000/books/10
Completed 302 Found in 9ms (ActiveRecord: 2.2ms)


Started GET "/books/10" for 127.0.0.1 at 2022-12-10 11:32:31 -0800
Processing by BooksController#show as HTML
  Parameters: {"id"=>"10"}
  [1m[36mBook Load (0.2ms)[0m  [1m[34mSELECT  "books".* FROM "books" WHERE "books"."id" = ? LIMIT ?[0m  [["id", 10], ["LIMIT", 1]]
  ↳ app/controllers/books_controller.rb:63
  Rendering books/show.html.erb within layouts/application
  Rendered books/show.html.erb within layouts/application (1.3ms)
Completed 200 OK in 31ms (Views: 29.4ms | ActiveRecord: 0.2ms)


Started GET "/books" for 127.0.0.1 at 2022-12-10 11:32:33 -0800
Processing by BooksController#index as HTML
  Rendering books/index.html.erb within layouts/application
  [1m[36mBook Load (0.3ms)[0m  [1m[34mSELECT "books".* FROM "books"[0m
  ↳ app/views/books/index.html.erb:18
  Rendered books/index.html.erb within layouts/application (7.8ms)
Completed 200 OK in 31ms (Views: 29.7ms | ActiveRecord: 0.3ms)


Started GET "/" for 127.0.0.1 at 2022-12-10 11:32:53 -0800
Processing by PagesController#home as HTML
  Rendering pages/home.html.erb within layouts/application
  [1m[36mBook Load (0.1ms)[0m  [1m[34mSELECT "books".* FROM "books"[0m
  ↳ app/views/pages/home.html.erb:4
  Rendered pages/home.html.erb within layouts/application (0.8ms)
Completed 200 OK in 14ms (Views: 13.1ms | ActiveRecord: 0.1ms)


Started GET "/about" for 127.0.0.1 at 2022-12-10 11:32:55 -0800
Processing by PagesController#about as HTML
  Rendering pages/about.html.erb within layouts/application
  Rendered pages/about.html.erb within layouts/application (0.5ms)
Completed 200 OK in 23ms (Views: 22.2ms | ActiveRecord: 0.0ms)


Started GET "/contact" for 127.0.0.1 at 2022-12-10 11:32:57 -0800
Processing by PagesController#contact as HTML
  Rendering pages/contact.html.erb within layouts/application
  Rendered pages/contact.html.erb within layouts/application (0.4ms)
Completed 200 OK in 22ms (Views: 21.1ms | ActiveRecord: 0.0ms)


Started GET "/" for 127.0.0.1 at 2022-12-10 11:33:01 -0800
Processing by PagesController#home as HTML
  Rendering pages/home.html.erb within layouts/application
  [1m[36mBook Load (0.3ms)[0m  [1m[34mSELECT "books".* FROM "books"[0m
  ↳ app/views/pages/home.html.erb:4
  Rendered pages/home.html.erb within layouts/application (2.3ms)
Completed 200 OK in 26ms (Views: 24.3ms | ActiveRecord: 0.3ms)


Started GET "/" for 127.0.0.1 at 2022-12-10 11:35:30 -0800
  [1m[35m (0.1ms)[0m  [1m[34mSELECT "schema_migrations"."version" FROM "schema_migrations" ORDER BY "schema_migrations"."version" ASC[0m
  ↳ /var/lib/gems/2.7.0/gems/activerecord-5.2.8.1/lib/active_record/log_subscriber.rb:98
Processing by PagesController#home as HTML
  Rendering pages/home.html.erb within layouts/application
  [1m[36mBook Load (0.2ms)[0m  [1m[34mSELECT "books".* FROM "books"[0m
  ↳ app/views/pages/home.html.erb:4
  Rendered pages/home.html.erb within layouts/application (7.5ms)
Completed 200 OK in 151ms (Views: 145.8ms | ActiveRecord: 0.6ms)


Started GET "/contact" for 127.0.0.1 at 2022-12-10 11:35:33 -0800
Processing by PagesController#contact as HTML
  Rendering pages/contact.html.erb within layouts/application
  Rendered pages/contact.html.erb within layouts/application (0.5ms)
Completed 200 OK in 22ms (Views: 21.3ms | ActiveRecord: 0.0ms)


Started GET "/about" for 127.0.0.1 at 2022-12-10 11:35:35 -0800
Processing by PagesController#about as HTML
  Rendering pages/about.html.erb within layouts/application
  Rendered pages/about.html.erb within layouts/application (0.5ms)
Completed 200 OK in 24ms (Views: 22.0ms | ActiveRecord: 0.0ms)


Started GET "/" for 127.0.0.1 at 2022-12-10 11:35:37 -0800
Processing by PagesController#home as HTML
  Rendering pages/home.html.erb within layouts/application
  [1m[36mBook Load (0.3ms)[0m  [1m[34mSELECT "books".* FROM "books"[0m
  ↳ app/views/pages/home.html.erb:4
  Rendered pages/home.html.erb within layouts/application (3.1ms)
Completed 200 OK in 30ms (Views: 28.0ms | ActiveRecord: 0.3ms)


